<?xml version="1.0" encoding="UTF-8"?>
<!-- Generated by org.testng.reporters.JUnitReportReporter -->
<testsuite hostname="Shiyamala-Panneerselvam" failures="0" tests="1" name="test2.CheckoutTest" time="0.000" errors="0" timestamp="2022-03-05T10:47:26 IST" skipped="0">
  <testcase classname="test2.CheckoutTest" name="test4" time="0.000"/>
  <system-out/>
</testsuite> <!-- test2.CheckoutTest -->
