<?xml version="1.0" encoding="UTF-8"?>
<!-- Generated by org.testng.reporters.JUnitReportReporter -->
<testsuite hostname="Shiyamala-Panneerselvam" failures="0" tests="1" name="pckg1.AnnotationExample" time="0.007" errors="0" timestamp="2022-03-05T12:26:27 IST" skipped="0">
  <testcase classname="pckg1.AnnotationExample" name="test1" time="0.007"/>
  <system-out/>
</testsuite> <!-- pckg1.AnnotationExample -->
