<?xml version="1.0" encoding="UTF-8"?>
<!-- Generated by org.testng.reporters.JUnitReportReporter -->
<testsuite hostname="Shiyamala-Panneerselvam" failures="0" tests="1" name="pckg2.CheckoutTest" time="0.008" errors="0" timestamp="2022-03-06T09:17:16 IST" skipped="0">
  <testcase classname="pckg2.CheckoutTest" name="Test4" time="0.008"/>
  <system-out/>
</testsuite> <!-- pckg2.CheckoutTest -->
