<?xml version="1.0" encoding="UTF-8"?>
<!-- Generated by org.testng.reporters.JUnitReportReporter -->
<testsuite hostname="Shiyamala-Panneerselvam" failures="0" tests="2" name="test.AnnotationExample" time="0.002" errors="0" timestamp="2022-03-05T10:47:26 IST" skipped="0">
  <testcase classname="test.AnnotationExample" name="test1" time="0.001"/>
  <system-out/>
  <testcase classname="test.AnnotationExample" name="test2" time="0.001"/>
  <system-out/>
</testsuite> <!-- test.AnnotationExample -->
