<?xml version="1.0" encoding="UTF-8"?>
<!-- Generated by org.testng.reporters.JUnitReportReporter -->
<testsuite hostname="Shiyamala-Panneerselvam" failures="0" tests="4" name="pckg1.HomePageTest" time="0.009" errors="0" timestamp="2022-03-05T12:44:46 IST" skipped="0">
  <testcase classname="pckg1.HomePageTest" name="test8" time="0.001"/>
  <system-out/>
  <testcase classname="pckg1.HomePageTest" name="test3" time="0.001"/>
  <system-out/>
  <testcase classname="pckg1.HomePageTest" name="test7" time="0.001"/>
  <system-out/>
  <testcase classname="pckg1.HomePageTest" name="test6" time="0.006"/>
  <system-out/>
</testsuite> <!-- pckg1.HomePageTest -->
