<?xml version="1.0" encoding="UTF-8"?>
<!-- Generated by org.testng.reporters.JUnitReportReporter -->
<testsuite hostname="Shiyamala-Panneerselvam" failures="0" tests="1" name="test.HomePageTest" time="0.005" errors="0" timestamp="2022-03-05T10:47:26 IST" skipped="0">
  <testcase classname="test.HomePageTest" name="test3" time="0.005"/>
  <system-out/>
</testsuite> <!-- test.HomePageTest -->
